mode: set
rest-go-stock/businesses/users/usecase.go:21.110,27.2 1 1
rest-go-stock/businesses/users/usecase.go:29.94,30.24 1 1
rest-go-stock/businesses/users/usecase.go:33.2,33.23 1 1
rest-go-stock/businesses/users/usecase.go:36.2,36.27 1 1
rest-go-stock/businesses/users/usecase.go:39.2,40.16 2 1
rest-go-stock/businesses/users/usecase.go:43.2,46.16 3 1
rest-go-stock/businesses/users/usecase.go:50.2,50.18 1 1
rest-go-stock/businesses/users/usecase.go:30.24,32.3 1 1
rest-go-stock/businesses/users/usecase.go:33.23,35.3 1 1
rest-go-stock/businesses/users/usecase.go:36.27,38.3 1 0
rest-go-stock/businesses/users/usecase.go:40.16,42.3 1 0
rest-go-stock/businesses/users/usecase.go:46.16,48.3 1 0
rest-go-stock/businesses/users/usecase.go:53.114,55.17 1 1
rest-go-stock/businesses/users/usecase.go:58.2,58.20 1 1
rest-go-stock/businesses/users/usecase.go:63.2,64.16 2 1
rest-go-stock/businesses/users/usecase.go:68.2,69.16 2 1
rest-go-stock/businesses/users/usecase.go:73.2,74.21 2 1
rest-go-stock/businesses/users/usecase.go:77.2,77.17 1 1
rest-go-stock/businesses/users/usecase.go:80.2,80.25 1 1
rest-go-stock/businesses/users/usecase.go:55.17,57.3 1 1
rest-go-stock/businesses/users/usecase.go:58.20,61.3 1 1
rest-go-stock/businesses/users/usecase.go:64.16,66.3 1 1
rest-go-stock/businesses/users/usecase.go:69.16,71.3 1 1
rest-go-stock/businesses/users/usecase.go:74.21,76.3 1 0
rest-go-stock/businesses/users/usecase.go:77.17,79.3 1 0
rest-go-stock/businesses/users/usecase.go:83.109,84.17 1 1
rest-go-stock/businesses/users/usecase.go:87.2,87.20 1 1
rest-go-stock/businesses/users/usecase.go:91.2,92.16 2 0
rest-go-stock/businesses/users/usecase.go:95.2,96.16 2 0
rest-go-stock/businesses/users/usecase.go:99.2,99.19 1 0
rest-go-stock/businesses/users/usecase.go:84.17,86.3 1 1
rest-go-stock/businesses/users/usecase.go:87.20,90.3 1 1
rest-go-stock/businesses/users/usecase.go:92.16,94.3 1 0
rest-go-stock/businesses/users/usecase.go:96.16,98.3 1 0
rest-go-stock/businesses/users/usecase.go:103.108,106.16 3 1
rest-go-stock/businesses/users/usecase.go:109.2,111.16 3 1
rest-go-stock/businesses/users/usecase.go:114.2,114.18 1 1
rest-go-stock/businesses/users/usecase.go:106.16,108.3 1 0
rest-go-stock/businesses/users/usecase.go:111.16,113.3 1 1
rest-go-stock/businesses/users/usecase.go:118.90,119.17 1 1
rest-go-stock/businesses/users/usecase.go:122.2,123.16 2 1
rest-go-stock/businesses/users/usecase.go:126.2,126.19 1 1
rest-go-stock/businesses/users/usecase.go:119.17,121.3 1 1
rest-go-stock/businesses/users/usecase.go:123.16,125.3 1 0
rest-go-stock/businesses/users/usecase.go:129.82,131.16 2 1
rest-go-stock/businesses/users/usecase.go:134.2,134.13 1 1
rest-go-stock/businesses/users/usecase.go:137.2,137.18 1 1
rest-go-stock/businesses/users/usecase.go:131.16,133.3 1 1
rest-go-stock/businesses/users/usecase.go:134.13,136.3 1 1
rest-go-stock/businesses/users/usecase.go:140.79,142.16 2 1
rest-go-stock/businesses/users/usecase.go:145.2,145.18 1 1
rest-go-stock/businesses/users/usecase.go:142.16,144.3 1 1
rest-go-stock/businesses/users/usecase.go:148.104,151.16 3 1
rest-go-stock/businesses/users/usecase.go:154.2,154.18 1 1
rest-go-stock/businesses/users/usecase.go:151.16,153.3 1 1
rest-go-stock/businesses/users/usecase.go:158.79,160.16 2 1
rest-go-stock/businesses/users/usecase.go:163.2,163.12 1 1
rest-go-stock/businesses/users/usecase.go:160.16,162.3 1 1
